1 threads   
 N(Grid) N(Matrix)         NNZ         COO       COO^T         CSR       CSR^T         CSC       CSC^T
      64      4096       20224     2.47082     2.70455     2.77968     3.12714     3.12714     2.66849
     128     16384       81408     2.41674     2.71067     2.90709     3.18396      2.7478     2.86556
     256     65536      326656     1.34124     1.28181       1.731       1.731     1.68772     1.70191
     512    262144     1308672     1.27675     1.24635     1.63584     1.48502     1.50639     1.64872
    1024   1048576     5238784     1.27505     1.26834     1.65058      1.4968      1.4968     1.63935
    2048   4194304    20963328     1.15262     1.07504     1.29005     1.30005     1.25623     1.33631
2 threads   
 N(Grid) N(Matrix)         NNZ         COO       COO^T         CSR       CSR^T         CSC       CSC^T
      64      4096       20224     2.27428     2.15201     3.70624      2.7416     2.94319     3.33561
     128     16384       81408     1.92874     1.32841     5.27867     3.03923     3.03923     3.93312
     256     65536      326656     1.07157      1.0386     3.97111     1.42624     1.41627     2.66483
     512    262144     1308672     1.26137     1.20338     1.66181     1.30054     1.32524     1.63584
    1024   1048576     5238784     1.24862     1.21098      2.0082     1.35384     1.25513     1.78507
    2048   4194304    20963328     1.21968     1.26571     1.29005    0.936909    0.849147     1.65228
4 threads   
 N(Grid) N(Matrix)         NNZ         COO       COO^T         CSR       CSR^T         CSC       CSC^T
      64      4096       20224     2.38258     2.04221     5.71819     2.77968     2.90053     5.00342
     128     16384       81408     2.27942     1.77513     9.55187      2.7478     2.99387      7.1639
     256     65536      326656     1.09474     1.08303     6.13717     1.38717     1.35924     2.63022
     512    262144     1308672     1.04694    0.969387     1.88637     1.21033     1.18298     1.52838
    1024   1048576     5238784      1.0041     1.04776     1.97528     1.35384     1.35384     1.70911
    2048   4194304    20963328     1.11064     1.12178     1.70261     1.34165     1.23769     1.86341
8 threads   
 N(Grid) N(Matrix)         NNZ         COO       COO^T         CSR       CSR^T         CSC       CSC^T
      64      4096       20224     2.32717     2.04221     5.71819     2.24873      2.1067     4.76516
     128     16384       81408     2.11147     2.15687     10.5573     2.08947     2.22877     8.35789
     256     65536      326656      1.1573     1.11278     9.64413     1.41627     1.26579     3.43266
     512    262144     1308672      1.0214     1.06288     2.13661     1.43416     1.45408     1.99417
    1024   1048576     5238784     1.10038     1.16417      2.1139     1.40926     1.36149     1.91257
    2048   4194304    20963328     1.24689     1.23769     2.16396      1.4093      1.4034     2.09633
16 threads  
 N(Grid) N(Matrix)         NNZ         COO       COO^T         CSR       CSR^T         CSC       CSC^T
      64      4096       20224     1.83612     1.98155    0.981062     2.47082     2.02158    0.217068
     128     16384       81408     1.48585     1.48585     0.50911     2.38797     2.06793     1.61766
     256     65536      326656     1.22743     1.28998      15.579     1.60735     1.60735     5.19299
     512    262144     1308672    0.951761     1.21737     2.09388     1.16976    0.956107     2.01334
    1024   1048576     5238784     1.20492     1.18129     1.97528     1.36149     1.35384     1.82564
    2048   4194304    20963328     1.14476     1.14476     1.92766     1.37464     1.42124     1.96148
