1 threads   
 N(Grid) N(Matrix)         NNZ    NRHS         COO         CSR         CSC
      64      4096       20224      64     9.98488     3.17701   0.0618532
     128     16384       81408      64     2.68909     2.41628   0.0620482
     256     65536      326656      64     2.68517     3.14714   0.0621014
     512    262144     1308672      64     4.03639     2.91322   0.0623699
    1024   1048576     5238784      64     4.87683     3.22387   0.0623998
    2048   4194304    20963328      64     3.41171     2.82751   0.0616919
2 threads   
 N(Grid) N(Matrix)         NNZ    NRHS         COO         CSR         CSC
      64      4096       20224      64     8.73677     6.98941   0.0206482
     128     16384       81408      64     4.27496     4.27496   0.0352779
     256     65536      326656      64     4.79809     4.96074   0.0171783
     512    262144     1308672      64     4.35091     4.82043   0.0206815
    1024   1048576     5238784      64     3.56209     3.29516   0.0212162
    2048   4194304    20963328      64     2.81416      2.4748   0.0195103
4 threads   
 N(Grid) N(Matrix)         NNZ    NRHS         COO         CSR         CSC
      64      4096       20224      64     2.18419     6.07775  0.00975426
     128     16384       81408      64      1.4886     2.25302   0.0101389
     256     65536      326656      64     1.70165     2.76117   0.0106218
     512    262144     1308672      64     1.35636     1.83573   0.0115393
    1024   1048576     5238784      64     1.73272     1.94931   0.0118646
