 N(Grid) N(Matrix)         NNZ    NRHS         COO         CSR         CSC         AOS
      64      4096       20224       1     1.40578     1.86118     2.40261     1.28295
     128     16384       81408       1     1.29934     1.54107     2.32513     1.23862
     256     65536      326656       1     1.12152     1.52934     1.79443    0.968218
     512    262144     1308672       1    0.861808     1.45708     1.44221    0.888909
    1024   1048576     5238784       1    0.969024     1.26046     1.28955    0.921105
    2048   4194304    20963328       1     1.17395     1.35873     1.33403    0.829058
 N(Grid) N(Matrix)         NNZ    NRHS         COO         CSR         CSC         AOS
      64      4096       20224       2     2.36187     2.54356     2.81415     2.20442
     128     16384       81408       2     2.21972      2.5129     2.71803     2.11402
     256     65536      326656       2     1.93233     2.14368     2.40694     1.71494
     512    262144     1308672       2     1.99745     2.20009     2.30009      1.6682
    1024   1048576     5238784       2     1.92249     2.18283     2.25324     1.59963
    2048   4194304    20963328       2     1.83086     2.00606     2.13912     1.42608
 N(Grid) N(Matrix)         NNZ    NRHS         COO         CSR         CSC         AOS
      64      4096       20224       4     3.15494     3.68077     3.58129     2.65015
     128     16384       81408       4     2.79501     3.62596     3.19429      2.6306
     256     65536      326656       4     2.76697      3.1359      2.9399     2.35192
     512    262144     1308672       4     2.79183     3.10204     3.22135     2.32653
    1024   1048576     5238784       4     2.69149     3.15454     3.12098     2.32835
    2048   4194304    20963328       4     2.68331     2.80681     2.89149     2.13639
 N(Grid) N(Matrix)         NNZ    NRHS         COO         CSR         CSC         AOS
      64      4096       20224       8      3.1665     4.15603     4.15603     2.89115
     128     16384       81408       8     2.79113     4.14441     3.90758     2.53269
     256     65536      326656       8     1.66559     1.82613     3.88637     2.65909
     512    262144     1308672       8     3.07923     3.95071     3.80705     2.68446
    1024   1048576     5238784       8     2.99359     3.91685     3.70887     2.65255
    2048   4194304    20963328       8     2.89774     3.93447     3.72681     2.40871
 N(Grid) N(Matrix)         NNZ    NRHS         COO         CSR         CSC         AOS
      64      4096       20224      16     8.37274     5.35855     4.61944     8.93092
     128     16384       81408      16     5.02404     4.85079     3.70192     5.62692
     256     65536      326656      16     5.76717     4.64577     4.07922     5.97314
     512    262144     1308672      16     5.74789     4.72811     4.24844     6.23708
    1024   1048576     5238784      16     5.40778     4.38277     3.87609     5.32194
    2048   4194304    20963328      16     6.24025     4.66662     4.03505     4.65044
 N(Grid) N(Matrix)         NNZ    NRHS         COO         CSR         CSC         AOS
      64      4096       20224      32     9.70752     5.90893     4.68639     10.4543
     128     16384       81408      32     6.29555     5.21011      4.0836     5.59605
     256     65536      326656      32     5.97314     5.36051     4.35541     6.96866
     512    262144     1308672      32     6.86516     5.23469     4.60192     6.34508
    1024   1048576     5238784      32     6.87758     4.70571     4.53084     6.87758
    2048   4194304    20963328      32     6.45025     5.09166      4.6224     6.41172
 N(Grid) N(Matrix)         NNZ    NRHS         COO         CSR         CSC         AOS
      64      4096       20224      64     8.22284     6.35401     4.23601     8.22284
     128     16384       81408      64     6.94682     5.74909     5.37818     5.55745
     256     65536      326656      64      6.8066     5.62853     5.42007     7.31709
     512    262144     1308672      64     7.28304     5.36032      5.0379     7.44489
    1024   1048576     5238784      64     7.13366     5.81835     5.38606     7.38914
    2048   4194304    20963328      64     4.94847     4.63638     3.84153     4.89431
