This is pdfTeX, Version 3.141592653-2.6-1.40.22 (MiKTeX 21.2) (preloaded format=pdflatex 2021.3.30)  20 APR 2021 14:42
entering extended mode
**"c:/Users/victo/Documents/amath583/ps3/Answers and stuff/answers.tex"
(c:/Users/victo/Documents/amath583/ps3/Answers and stuff/answers.tex
LaTeX2e <2020-10-01> patch level 4
L3 programming layer <2021-02-18> xparse <2020-03-03> (C:\Users\victo\AppData\Local\Programs\MiKTeX\tex/latex/base\article.cls
Document Class: article 2020/04/10 v1.4m Standard LaTeX document class
(C:\Users\victo\AppData\Local\Programs\MiKTeX\tex/latex/base\size10.clo
File: size10.clo 2020/04/10 v1.4m Standard LaTeX file (size option)
)
\c@part=\count179
\c@section=\count180
\c@subsection=\count181
\c@subsubsection=\count182
\c@paragraph=\count183
\c@subparagraph=\count184
\c@figure=\count185
\c@table=\count186
\abovecaptionskip=\skip47
\belowcaptionskip=\skip48
\bibindent=\dimen138
) (C:\Users\victo\AppData\Local\Programs\MiKTeX\tex/latex/amsmath\amsmath.sty
Package: amsmath 2020/09/23 v2.17i AMS math features
\@mathmargin=\skip49

For additional information on amsmath, use the `?' option.
(C:\Users\victo\AppData\Local\Programs\MiKTeX\tex/latex/amsmath\amstext.sty
Package: amstext 2000/06/29 v2.01 AMS text
 (C:\Users\victo\AppData\Local\Programs\MiKTeX\tex/latex/amsmath\amsgen.sty
File: amsgen.sty 1999/11/30 v2.0 generic functions
\@emptytoks=\toks15
\ex@=\dimen139
)) (C:\Users\victo\AppData\Local\Programs\MiKTeX\tex/latex/amsmath\amsbsy.sty
Package: amsbsy 1999/11/29 v1.2d Bold Symbols
\pmbraise@=\dimen140
) (C:\Users\victo\AppData\Local\Programs\MiKTeX\tex/latex/amsmath\amsopn.sty
Package: amsopn 2016/03/08 v2.02 operator names
)
\inf@bad=\count187
LaTeX Info: Redefining \frac on input line 234.
\uproot@=\count188
\leftroot@=\count189
LaTeX Info: Redefining \overline on input line 399.
\classnum@=\count190
\DOTSCASE@=\count191
LaTeX Info: Redefining \ldots on input line 496.
LaTeX Info: Redefining \dots on input line 499.
LaTeX Info: Redefining \cdots on input line 620.
\Mathstrutbox@=\box47
\strutbox@=\box48
\big@size=\dimen141
LaTeX Font Info:    Redeclaring font encoding OML on input line 743.
LaTeX Font Info:    Redeclaring font encoding OMS on input line 744.
\macc@depth=\count192
\c@MaxMatrixCols=\count193
\dotsspace@=\muskip16
\c@parentequation=\count194
\dspbrk@lvl=\count195
\tag@help=\toks16
\row@=\count196
\column@=\count197
\maxfields@=\count198
\andhelp@=\toks17
\eqnshift@=\dimen142
\alignsep@=\dimen143
\tagshift@=\dimen144
\tagwidth@=\dimen145
\totwidth@=\dimen146
\lineht@=\dimen147
\@envbody=\toks18
\multlinegap=\skip50
\multlinetaggap=\skip51
\mathdisplay@stack=\toks19
LaTeX Info: Redefining \[ on input line 2923.
LaTeX Info: Redefining \] on input line 2924.
) (C:\Users\victo\AppData\Local\Programs\MiKTeX\tex/latex/amsfonts\amsfonts.sty
Package: amsfonts 2013/01/14 v3.01 Basic AMSFonts support
\symAMSa=\mathgroup4
\symAMSb=\mathgroup5
LaTeX Font Info:    Redeclaring math symbol \hbar on input line 98.
LaTeX Font Info:    Overwriting math alphabet `\mathfrak' in version `bold'
(Font)                  U/euf/m/n --> U/euf/b/n on input line 106.
) (C:\Users\victo\AppData\Local\Programs\MiKTeX\tex/latex/geometry\geometry.sty
Package: geometry 2020/01/02 v5.9 Page Geometry
 (C:\Users\victo\AppData\Local\Programs\MiKTeX\tex/latex/graphics\keyval.sty
Package: keyval 2014/10/28 v1.15 key=value parser (DPC)
\KV@toks@=\toks20
) (C:\Users\victo\AppData\Local\Programs\MiKTeX\tex/generic/iftex\ifvtex.sty
Package: ifvtex 2019/10/25 v1.7 ifvtex legacy package. Use iftex instead.
 (C:\Users\victo\AppData\Local\Programs\MiKTeX\tex/generic/iftex\iftex.sty
Package: iftex 2020/03/06 v1.0d TeX engine tests
))
\Gm@cnth=\count199
\Gm@cntv=\count266
\c@Gm@tempcnt=\count267
\Gm@bindingoffset=\dimen148
\Gm@wd@mp=\dimen149
\Gm@odd@mp=\dimen150
\Gm@even@mp=\dimen151
\Gm@layoutwidth=\dimen152
\Gm@layoutheight=\dimen153
\Gm@layouthoffset=\dimen154
\Gm@layoutvoffset=\dimen155
\Gm@dimlist=\toks21
 (C:\Users\victo\AppData\Local\Programs\MiKTeX\tex/latex/geometry\geometry.cfg)) (C:\Users\victo\AppData\Local\Programs\MiKTeX\tex/latex/mathtools\mathtools.sty
Package: mathtools 2021/03/18 v1.25 mathematical typesetting tools
 (C:\Users\victo\AppData\Local\Programs\MiKTeX\tex/latex/latex-tools\calc.sty
Package: calc 2017/05/25 v4.3 Infix arithmetic (KKT,FJ)
\calc@Acount=\count268
\calc@Bcount=\count269
\calc@Adimen=\dimen156
\calc@Bdimen=\dimen157
\calc@Askip=\skip52
\calc@Bskip=\skip53
LaTeX Info: Redefining \setlength on input line 80.
LaTeX Info: Redefining \addtolength on input line 81.
\calc@Ccount=\count270
\calc@Cskip=\skip54
) (C:\Users\victo\AppData\Local\Programs\MiKTeX\tex/latex/mathtools\mhsetup.sty
Package: mhsetup 2021/03/18 v1.4 programming setup (MH)
)
LaTeX Info: Thecontrolsequence`\('isalreadyrobust on input line 130.
LaTeX Info: Thecontrolsequence`\)'isalreadyrobust on input line 130.
LaTeX Info: Thecontrolsequence`\['isalreadyrobust on input line 130.
LaTeX Info: Thecontrolsequence`\]'isalreadyrobust on input line 130.
\g_MT_multlinerow_int=\count271
\l_MT_multwidth_dim=\dimen158
\origjot=\skip55
\l_MT_shortvdotswithinadjustabove_dim=\dimen159
\l_MT_shortvdotswithinadjustbelow_dim=\dimen160
\l_MT_above_intertext_sep=\dimen161
\l_MT_below_intertext_sep=\dimen162
\l_MT_above_shortintertext_sep=\dimen163
\l_MT_below_shortintertext_sep=\dimen164
\xmathstrut@box=\box49
\xmathstrut@dim=\dimen165
) (C:\Users\victo\AppData\Local\Programs\MiKTeX\tex/latex/hyperref\hyperref.sty
Package: hyperref 2021-02-10 v7.00j Hypertext links for LaTeX
 (C:\Users\victo\AppData\Local\Programs\MiKTeX\tex/generic/ltxcmds\ltxcmds.sty
Package: ltxcmds 2020-05-10 v1.25 LaTeX kernel commands for general use (HO)
) (C:\Users\victo\AppData\Local\Programs\MiKTeX\tex/generic/pdftexcmds\pdftexcmds.sty
Package: pdftexcmds 2020-06-27 v0.33 Utility functions of pdfTeX for LuaTeX (HO)
 (C:\Users\victo\AppData\Local\Programs\MiKTeX\tex/generic/infwarerr\infwarerr.sty
Package: infwarerr 2019/12/03 v1.5 Providing info/warning/error messages (HO)
)
Package pdftexcmds Info: \pdf@primitive is available.
Package pdftexcmds Info: \pdf@ifprimitive is available.
Package pdftexcmds Info: \pdfdraftmode found.
) (C:\Users\victo\AppData\Local\Programs\MiKTeX\tex/generic/kvsetkeys\kvsetkeys.sty
Package: kvsetkeys 2019/12/15 v1.18 Key value parser (HO)
) (C:\Users\victo\AppData\Local\Programs\MiKTeX\tex/generic/kvdefinekeys\kvdefinekeys.sty
Package: kvdefinekeys 2019-12-19 v1.6 Define keys (HO)
) (C:\Users\victo\AppData\Local\Programs\MiKTeX\tex/generic/pdfescape\pdfescape.sty
Package: pdfescape 2019/12/09 v1.15 Implements pdfTeX's escape features (HO)
) (C:\Users\victo\AppData\Local\Programs\MiKTeX\tex/latex/hycolor\hycolor.sty
Package: hycolor 2020-01-27 v1.10 Color options for hyperref/bookmark (HO)
) (C:\Users\victo\AppData\Local\Programs\MiKTeX\tex/latex/letltxmacro\letltxmacro.sty
Package: letltxmacro 2019/12/03 v1.6 Let assignment for LaTeX macros (HO)
) (C:\Users\victo\AppData\Local\Programs\MiKTeX\tex/latex/auxhook\auxhook.sty
Package: auxhook 2019-12-17 v1.6 Hooks for auxiliary files (HO)
) (C:\Users\victo\AppData\Local\Programs\MiKTeX\tex/latex/kvoptions\kvoptions.sty
Package: kvoptions 2020-10-07 v3.14 Key value format for package options (HO)
)
\@linkdim=\dimen166
\Hy@linkcounter=\count272
\Hy@pagecounter=\count273
 (C:\Users\victo\AppData\Local\Programs\MiKTeX\tex/latex/hyperref\pd1enc.def
File: pd1enc.def 2021-02-10 v7.00j Hyperref: PDFDocEncoding definition (HO)
Now handling font encoding PD1 ...
... no UTF-8 mapping file for font encoding PD1
) (C:\Users\victo\AppData\Local\Programs\MiKTeX\tex/latex/hyperref\hyperref-langpatches.def
File: hyperref-langpatches.def 2021-02-10 v7.00j Hyperref: patches for babel languages
) (C:\Users\victo\AppData\Local\Programs\MiKTeX\tex/generic/intcalc\intcalc.sty
Package: intcalc 2019/12/15 v1.3 Expandable calculations with integers (HO)
) (C:\Users\victo\AppData\Local\Programs\MiKTeX\tex/generic/etexcmds\etexcmds.sty
Package: etexcmds 2019/12/15 v1.7 Avoid name clashes with e-TeX commands (HO)
)
\Hy@SavedSpaceFactor=\count274
 (C:\Users\victo\AppData\Local\Programs\MiKTeX\tex/latex/hyperref\puenc.def
File: puenc.def 2021-02-10 v7.00j Hyperref: PDF Unicode definition (HO)
Now handling font encoding PU ...
... no UTF-8 mapping file for font encoding PU
)
Package hyperref Info: Hyper figures OFF on input line 4192.
Package hyperref Info: Link nesting OFF on input line 4197.
Package hyperref Info: Hyper index ON on input line 4200.
Package hyperref Info: Plain pages OFF on input line 4207.
Package hyperref Info: Backreferencing OFF on input line 4212.
Package hyperref Info: Implicit mode ON; LaTeX internals redefined.
Package hyperref Info: Bookmarks ON on input line 4445.
\c@Hy@tempcnt=\count275
 (C:\Users\victo\AppData\Local\Programs\MiKTeX\tex/latex/url\url.sty
\Urlmuskip=\muskip17
Package: url 2013/09/16  ver 3.4  Verb mode for urls, etc.
)
LaTeX Info: Redefining \url on input line 4804.
\XeTeXLinkMargin=\dimen167
 (C:\Users\victo\AppData\Local\Programs\MiKTeX\tex/generic/bitset\bitset.sty
Package: bitset 2019/12/09 v1.3 Handle bit-vector datatype (HO)
 (C:\Users\victo\AppData\Local\Programs\MiKTeX\tex/generic/bigintcalc\bigintcalc.sty
Package: bigintcalc 2019/12/15 v1.5 Expandable calculations on big integers (HO)
))
\Fld@menulength=\count276
\Field@Width=\dimen168
\Fld@charsize=\dimen169
Package hyperref Info: Hyper figures OFF on input line 6075.
Package hyperref Info: Link nesting OFF on input line 6080.
Package hyperref Info: Hyper index ON on input line 6083.
Package hyperref Info: backreferencing OFF on input line 6090.
Package hyperref Info: Link coloring OFF on input line 6095.
Package hyperref Info: Link coloring with OCG OFF on input line 6100.
Package hyperref Info: PDF/A mode OFF on input line 6105.
LaTeX Info: Redefining \ref on input line 6145.
LaTeX Info: Redefining \pageref on input line 6149.
 (C:\Users\victo\AppData\Local\Programs\MiKTeX\tex/latex/base\atbegshi-ltx.sty
Package: atbegshi-ltx 2020/08/17 v1.0a Emulation of the original atbegshi package
with kernel methods
)
\Hy@abspage=\count277
\c@Item=\count278
\c@Hfootnote=\count279
)
Package hyperref Info: Driver (autodetected): hpdftex.
 (C:\Users\victo\AppData\Local\Programs\MiKTeX\tex/latex/hyperref\hpdftex.def
File: hpdftex.def 2021-02-10 v7.00j Hyperref driver for pdfTeX
 (C:\Users\victo\AppData\Local\Programs\MiKTeX\tex/latex/base\atveryend-ltx.sty
Package: atveryend-ltx 2020/08/19 v1.0a Emulation of the original atvery package
with kernel methods
)
\Fld@listcount=\count280
\c@bookmark@seq@number=\count281
 (C:\Users\victo\AppData\Local\Programs\MiKTeX\tex/latex/rerunfilecheck\rerunfilecheck.sty
Package: rerunfilecheck 2019/12/05 v1.9 Rerun checks for auxiliary files (HO)
 (C:\Users\victo\AppData\Local\Programs\MiKTeX\tex/generic/uniquecounter\uniquecounter.sty
Package: uniquecounter 2019/12/15 v1.4 Provide unlimited unique counter (HO)
)
Package uniquecounter Info: New unique counter `rerunfilecheck' on input line 286.
)
\Hy@SectionHShift=\skip56
)
Package hyperref Info: Option `colorlinks' set `true' on input line 11.
 (C:\Users\victo\AppData\Local\Programs\MiKTeX\tex/latex/graphics\graphicx.sty
Package: graphicx 2020/09/09 v1.2b Enhanced LaTeX Graphics (DPC,SPQR)
 (C:\Users\victo\AppData\Local\Programs\MiKTeX\tex/latex/graphics\graphics.sty
Package: graphics 2020/08/30 v1.4c Standard LaTeX Graphics (DPC,SPQR)
 (C:\Users\victo\AppData\Local\Programs\MiKTeX\tex/latex/graphics\trig.sty
Package: trig 2016/01/03 v1.10 sin cos tan (DPC)
) (C:\Users\victo\AppData\Local\Programs\MiKTeX\tex/latex/graphics-cfg\graphics.cfg
File: graphics.cfg 2016/06/04 v1.11 sample graphics configuration
)
Package graphics Info: Driver file: pdftex.def on input line 105.
 (C:\Users\victo\AppData\Local\Programs\MiKTeX\tex/latex/graphics-def\pdftex.def
File: pdftex.def 2020/10/05 v1.2a Graphics/color driver for pdftex
))
\Gin@req@height=\dimen170
\Gin@req@width=\dimen171
) (C:\Users\victo\AppData\Local\Programs\MiKTeX\tex/latex/listings\listings.sty
\lst@mode=\count282
\lst@gtempboxa=\box50
\lst@token=\toks22
\lst@length=\count283
\lst@currlwidth=\dimen172
\lst@column=\count284
\lst@pos=\count285
\lst@lostspace=\dimen173
\lst@width=\dimen174
\lst@newlines=\count286
\lst@lineno=\count287
\lst@maxwidth=\dimen175
 (C:\Users\victo\AppData\Local\Programs\MiKTeX\tex/latex/listings\lstmisc.sty
File: lstmisc.sty 2020/03/24 1.8d (Carsten Heinz)
\c@lstnumber=\count288
\lst@skipnumbers=\count289
\lst@framebox=\box51
) (C:\Users\victo\AppData\Local\Programs\MiKTeX\tex/latex/listings\listings.cfg
File: listings.cfg 2020/03/24 1.8d listings configuration
))
Package: listings 2020/03/24 1.8d (Carsten Heinz)
 (C:\Users\victo\AppData\Local\Programs\MiKTeX\tex/latex/psnfss\courier.sty
Package: courier 2020/03/25 PSNFSS-v9.3 (WaS) 
) (C:\Users\victo\AppData\Local\Programs\MiKTeX\tex/latex/l3backend\l3backend-pdftex.def
File: l3backend-pdftex.def 2021-02-18 L3 backend support: PDF output (pdfTeX)
\l__color_backend_stack_int=\count290
\l__pdf_internal_box=\box52
) (c:/Users\victo\Documents\amath583\ps3\Answers and stuff\answers.aux)
\openout1 = `answers.aux'.

LaTeX Font Info:    Checking defaults for OML/cmm/m/it on input line 20.
LaTeX Font Info:    ... okay on input line 20.
LaTeX Font Info:    Checking defaults for OMS/cmsy/m/n on input line 20.
LaTeX Font Info:    ... okay on input line 20.
LaTeX Font Info:    Checking defaults for OT1/cmr/m/n on input line 20.
LaTeX Font Info:    ... okay on input line 20.
LaTeX Font Info:    Checking defaults for T1/cmr/m/n on input line 20.
LaTeX Font Info:    ... okay on input line 20.
LaTeX Font Info:    Checking defaults for TS1/cmr/m/n on input line 20.
LaTeX Font Info:    ... okay on input line 20.
LaTeX Font Info:    Checking defaults for OMX/cmex/m/n on input line 20.
LaTeX Font Info:    ... okay on input line 20.
LaTeX Font Info:    Checking defaults for U/cmr/m/n on input line 20.
LaTeX Font Info:    ... okay on input line 20.
LaTeX Font Info:    Checking defaults for PD1/pdf/m/n on input line 20.
LaTeX Font Info:    ... okay on input line 20.
LaTeX Font Info:    Checking defaults for PU/pdf/m/n on input line 20.
LaTeX Font Info:    ... okay on input line 20.

*geometry* driver: auto-detecting
*geometry* detected driver: pdftex
*geometry* verbose mode - [ preamble ] result:
* driver: pdftex
* paper: <default>
* layout: <same size as paper>
* layoutoffset:(h,v)=(0.0pt,0.0pt)
* modes: 
* h-part:(L,W,R)=(72.26999pt, 469.75502pt, 72.26999pt)
* v-part:(T,H,B)=(72.26999pt, 650.43001pt, 72.26999pt)
* \paperwidth=614.295pt
* \paperheight=794.96999pt
* \textwidth=469.75502pt
* \textheight=650.43001pt
* \oddsidemargin=0.0pt
* \evensidemargin=0.0pt
* \topmargin=-37.0pt
* \headheight=12.0pt
* \headsep=25.0pt
* \topskip=10.0pt
* \footskip=18.06749pt
* \marginparwidth=65.0pt
* \marginparsep=11.0pt
* \columnsep=10.0pt
* \skip\footins=9.0pt plus 4.0pt minus 2.0pt
* \hoffset=0.0pt
* \voffset=0.0pt
* \mag=1000
* \@twocolumnfalse
* \@twosidefalse
* \@mparswitchfalse
* \@reversemarginfalse
* (1in=72.27pt=25.4mm, 1cm=28.453pt)

(C:\Users\victo\AppData\Local\Programs\MiKTeX\tex/latex/graphics\color.sty
Package: color 2020/02/24 v1.2b Standard LaTeX Color (DPC)
 (C:\Users\victo\AppData\Local\Programs\MiKTeX\tex/latex/graphics-cfg\color.cfg
File: color.cfg 2016/01/02 v1.6 sample color configuration
)
Package color Info: Driver file: pdftex.def on input line 147.
)
Package hyperref Info: Link coloring ON on input line 20.
 (C:\Users\victo\AppData\Local\Programs\MiKTeX\tex/latex/hyperref\nameref.sty
Package: nameref 2021-04-02 v2.47 Cross-referencing by name of section
 (C:\Users\victo\AppData\Local\Programs\MiKTeX\tex/latex/refcount\refcount.sty
Package: refcount 2019/12/15 v3.6 Data extraction from label references (HO)
) (C:\Users\victo\AppData\Local\Programs\MiKTeX\tex/generic/gettitlestring\gettitlestring.sty
Package: gettitlestring 2019/12/15 v1.6 Cleanup title references (HO)
)
\c@section@level=\count291
)
LaTeX Info: Redefining \ref on input line 20.
LaTeX Info: Redefining \pageref on input line 20.
LaTeX Info: Redefining \nameref on input line 20.
\@outlinefile=\write3
\openout3 = `answers.out'.

 (C:\Users\victo\AppData\Local\Programs\MiKTeX\tex/context/base/mkii\supp-pdf.mkii
[Loading MPS to PDF converter (version 2006.09.02).]
\scratchcounter=\count292
\scratchdimen=\dimen176
\scratchbox=\box53
\nofMPsegments=\count293
\nofMParguments=\count294
\everyMPshowfont=\toks23
\MPscratchCnt=\count295
\MPscratchDim=\dimen177
\MPnumerator=\count296
\makeMPintoPDFobject=\count297
\everyMPtoPDFconversion=\toks24
) (C:\Users\victo\AppData\Local\Programs\MiKTeX\tex/latex/epstopdf-pkg\epstopdf-base.sty
Package: epstopdf-base 2020-01-24 v2.11 Base part for package epstopdf
Package epstopdf-base Info: Redefining graphics rule for `.eps' on input line 485.
)
\c@lstlisting=\count298

c:/Users/victo/Documents/amath583/ps3/Answers and stuff/answers.tex:53: Missing $ inserted.
<inserted text> 
                $
l.53 ...g on 5 instances for each input size of 2^
                                                  23, 2^24, and 2^25. Each i...
I've inserted a begin-math/end-math symbol since I think
you left one out. Proceed, with fingers crossed.

LaTeX Font Info:    Trying to load font information for U+msa on input line 53.
(C:\Users\victo\AppData\Local\Programs\MiKTeX\tex/latex/amsfonts\umsa.fd
File: umsa.fd 2013/01/14 v3.01 AMS symbols A
)
LaTeX Font Info:    Trying to load font information for U+msb on input line 53.
 (C:\Users\victo\AppData\Local\Programs\MiKTeX\tex/latex/amsfonts\umsb.fd
File: umsb.fd 2013/01/14 v3.01 AMS symbols B
)
c:/Users/victo/Documents/amath583/ps3/Answers and stuff/answers.tex:54: Missing $ inserted.
<inserted text> 
                $
l.54 
     
I've inserted a begin-math/end-math symbol since I think
you left one out. Proceed, with fingers crossed.


Overfull \hbox (338.63397pt too wide) in paragraph at lines 53--54
[]\OT1/cmr/m/n/10 For ex-per-i-ment of this part, we are test-ing on 5 in-stances for each in-put size of 2$[]3\OML/cmm/m/it/10 ; \OT1/cmr/m/n/10 2[]4\OML/cmm/m/it/10 ; and\OT1/cmr/m/n/10 2[]5\OML/cmm/m/it/10 :Eachisrun\OT1/cmr/m/n/10 5\OML/cmm/m/it/10 timestogetabetterestimate:TheCPUIhadforthisexperimentisryzen\OT1/cmr/m/n/10 4900\OML/cmm/m/it/10 HS:$ 
 []


Overfull \hbox (41.69035pt too wide) in paragraph at lines 69--70
[]\OT1/cmr/m/n/10 The ra-tio be-tween the time takes to con-struct floats over dou-ble with com-piler op-ti-miza-tion is `0.4493755147684468`. 
 []

c:/Users/victo/Documents/amath583/ps3/Answers and stuff/answers.tex:94: Missing $ inserted.
<inserted text> 
                $
l.94 The complexity is N^
                         3, therefore, we will do 7 times more works because...
I've inserted a begin-math/end-math symbol since I think
you left one out. Proceed, with fingers crossed.

c:/Users/victo/Documents/amath583/ps3/Answers and stuff/answers.tex:95: Missing $ inserted.
<inserted text> 
                $
l.95 
     
I've inserted a begin-math/end-math symbol since I think
you left one out. Proceed, with fingers crossed.


Overfull \hbox (112.95679pt too wide) in paragraph at lines 94--95
[]\OT1/cmr/m/n/10 The com-plex-ity is N$[]\OML/cmm/m/it/10 ; therefore; wewilldo\OT1/cmr/m/n/10 7\OML/cmm/m/it/10 timesmoreworksbecausewhenscalinguptheproblemsizeby\OT1/cmr/m/n/10 2\OML/cmm/m/it/10 ; thecomplexityscaledupby\OT1/cmr/m/n/10 8\OML/cmm/m/it/10 :$ 
 []

[1

{C:/Users/victo/AppData/Local/MiKTeX/pdftex/config/pdftex.map}]
c:/Users/victo/Documents/amath583/ps3/Answers and stuff/answers.tex:100: Missing $ inserted.
<inserted text> 
                $
l.100 ...he problem size when mmtime called `mult_
                                                  0`?  (Hint, it may be larg...
I've inserted a begin-math/end-math symbol since I think
you left one out. Proceed, with fingers crossed.

c:/Users/victo/Documents/amath583/ps3/Answers and stuff/answers.tex:101: Missing $ inserted.
<inserted text> 
                $
l.101 
      
I've inserted a begin-math/end-math symbol since I think
you left one out. Proceed, with fingers crossed.


Overfull \hbox (250.03218pt too wide) in paragraph at lines 100--101
[]\OT1/cmr/m/n/10 12. What ra-tio did you see when dou-bling the prob-lem size when mm-time called `mult$[]`?(\OML/cmm/m/it/10 Hint; itmaybelargerthanwhatpureoperationcountwouldpredict:\OT1/cmr/m/n/10 )\OML/cmm/m/it/10 Explain:$ 
 []

c:/Users/victo/Documents/amath583/ps3/Answers and stuff/answers.tex:102: Missing $ inserted.
<inserted text> 
                $
l.102 Size of 256 yields `28ms` on mult_
                                        0, 512 yields `998`, the ratio is `3...
I've inserted a begin-math/end-math symbol since I think
you left one out. Proceed, with fingers crossed.

c:/Users/victo/Documents/amath583/ps3/Answers and stuff/answers.tex:103: Missing $ inserted.
<inserted text> 
                $
l.103 
      
I've inserted a begin-math/end-math symbol since I think
you left one out. Proceed, with fingers crossed.


Overfull \hbox (1295.82187pt too wide) in paragraph at lines 102--103
[]\OT1/cmr/m/n/10 Size of 256 yields `28ms` on mult$[]\OML/cmm/m/it/10 ; \OT1/cmr/m/n/10 512\OML/cmm/m/it/10 yields\OT1/cmr/m/n/10 `998`\OML/cmm/m/it/10 ; theratiois\OT1/cmr/m/n/10 `35\OML/cmm/m/it/10 :\OT1/cmr/m/n/10 6`\OML/cmm/m/it/10 :If; thingsareperfect; weshouldexpect\OT1/cmr/m/n/10 7\OML/cmm/m/it/10 times; butit[]snotperfectbecausetheMatirixisColumnmajor; thememorylocalityisreduced:Eachmultiplicationrequiresmovingtofindmemoryaddressesthatareintotallydifferentplacesanditwilltakelongerforalargermatrixwherethememoryaddressesarespreadoutto\OT1/cmr/m/n/10 4\OML/cmm/m/it/10 timesthespaceinthememory:$ 
 []

c:/Users/victo/Documents/amath583/ps3/Answers and stuff/answers.tex:104: Missing $ inserted.
<inserted text> 
                $
l.104 ...he problem size when mmtime called `mult_
                                                  3`?  Was this the same for...
I've inserted a begin-math/end-math symbol since I think
you left one out. Proceed, with fingers crossed.

c:/Users/victo/Documents/amath583/ps3/Answers and stuff/answers.tex:105: Missing $ inserted.
<inserted text> 
                $
l.105 
      
I've inserted a begin-math/end-math symbol since I think
you left one out. Proceed, with fingers crossed.


Overfull \hbox (642.29852pt too wide) in paragraph at lines 104--105
[]\OT1/cmr/m/n/10 13. What raio did you see when dou-bling the prob-lem size when mm-time called `mult$[]`?\OML/cmm/m/it/10 Wasthisthesamefor\OT1/cmr/m/n/10 `\OML/cmm/m/it/10 mult[]\OT1/cmr/m/n/10 `?\OML/cmm/m/it/10 Referringtothefunctioninamath\OT1/cmr/m/n/10 583\OML/cmm/m/it/10 :cpp; whatoptimizationsareimplementedandwhatkindsofperformancebenefitsmighttheyprovide\OT1/cmr/m/n/10 ?$ 
 []

c:/Users/victo/Documents/amath583/ps3/Answers and stuff/answers.tex:106: Missing $ inserted.
<inserted text> 
                $
l.106 Optimization used for `mul_
                                 3` involved 32 by 32 blocks on the matrices...
I've inserted a begin-math/end-math symbol since I think
you left one out. Proceed, with fingers crossed.

c:/Users/victo/Documents/amath583/ps3/Answers and stuff/answers.tex:107: Missing $ inserted.
<inserted text> 
                $
l.107 
      
I've inserted a begin-math/end-math symbol since I think
you left one out. Proceed, with fingers crossed.


Overfull \hbox (1643.30493pt too wide) in paragraph at lines 106--107
[]\OT1/cmr/m/n/10 Optimization used for `mul$[]`\OML/cmm/m/it/10 involved\OT1/cmr/m/n/10 32\OML/cmm/m/it/10 by\OT1/cmr/m/n/10 32\OML/cmm/m/it/10 blocksonthematrices; whichreducestheSpatialandTemporallocalityatthesametime; Hoistingisusedforbettervectorizationonthecompilerlevel; whichintroducessomemicrooptimization:Thisreducestheamountoftimeincreasedforeachflopswhenthesizeofthematrixincreases:Itwon[]tchangethebigO; \OT1/cmr/m/n/10 2\OML/cmm/m/it/10 methodgetscloserwheninputsgetslarger; buttheywillbeaconstantdifferecebecauseofthecachemissesandlackofadvanceSIMDfor\OT1/cmr/m/n/10 `\OML/cmm/m/it/10 mul[]\OT1/cmr/m/n/10 `\OML/cmm/m/it/10 :$ 
 []

c:/Users/victo/Documents/amath583/ps3/Answers and stuff/answers.tex:108: Missing $ inserted.
<inserted text> 
                $
l.108 ...testing. `5 ms` and `88 ms` for the `mul_
                                                  3` and `26` and `954 ms` f...
I've inserted a begin-math/end-math symbol since I think
you left one out. Proceed, with fingers crossed.

c:/Users/victo/Documents/amath583/ps3/Answers and stuff/answers.tex:109: Missing $ inserted.
<inserted text> 
                $
l.109 
      
I've inserted a begin-math/end-math symbol since I think
you left one out. Proceed, with fingers crossed.


Overfull \hbox (62.53212pt too wide) in paragraph at lines 108--109
[]\OT1/cmr/m/n/10 Inputs size of 256, 512 is used for test-ing. `5 ms` and `88 ms` for the `mul$[]`\OML/cmm/m/it/10 and\OT1/cmr/m/n/10 `26`\OML/cmm/m/it/10 and\OT1/cmr/m/n/10 `954\OML/cmm/m/it/10 ms\OT1/cmr/m/n/10 `\OML/cmm/m/it/10 for\OT1/cmr/m/n/10 `\OML/cmm/m/it/10 mul[]\OT1/cmr/m/n/10 `\OML/cmm/m/it/10 :Theratioisabout \OT1/cmr/m/n/10 :
 []


Overfull \hbox (532.11433pt too wide) in paragraph at lines 108--109
\OT1/cmr/m/n/10 17\OML/cmm/m/it/10 :\OT1/cmr/m/n/10 6\OML/cmm/m/it/10 for\OT1/cmr/m/n/10 `\OML/cmm/m/it/10 mul[]\OT1/cmr/m/n/10 `\OML/cmm/m/it/10 and\OT1/cmr/m/n/10 36\OML/cmm/m/it/10 for\OT1/cmr/m/n/10 `\OML/cmm/m/it/10 mul[]\OT1/cmr/m/n/10 `\OML/cmm/m/it/10 :NoticehowtheuseofHoistingandBlocksTilingimprovetheconstantgrowthfactorforeachflopsasthesizeofthematrixgrowsfromsmallthatitcanbestoredintheL\OT1/cmr/m/n/10 3\OML/cmm/m/it/10 cachetowhen; thematrixcan[]tfitthere:$ 
 []

c:/Users/victo/Documents/amath583/ps3/Answers and stuff/answers.tex:110: Missing $ inserted.
<inserted text> 
                $
l.110 14. (Extra credit.)  Try also with `mult_
                                               1` and `mult_2`.
I've inserted a begin-math/end-math symbol since I think
you left one out. Proceed, with fingers crossed.

c:/Users/victo/Documents/amath583/ps3/Answers and stuff/answers.tex:111: Missing $ inserted.
<inserted text> 
                $
l.111 
      
I've inserted a begin-math/end-math symbol since I think
you left one out. Proceed, with fingers crossed.

c:/Users/victo/Documents/amath583/ps3/Answers and stuff/answers.tex:115: Missing $ inserted.
<inserted text> 
                $
l.115 ...g in A twice vs passing it in once (mult_
                                                  trans_3 vs mult_trans_4)?
I've inserted a begin-math/end-math symbol since I think
you left one out. Proceed, with fingers crossed.

c:/Users/victo/Documents/amath583/ps3/Answers and stuff/answers.tex:116: Missing $ inserted.
<inserted text> 
                $
l.116 
      
I've inserted a begin-math/end-math symbol since I think
you left one out. Proceed, with fingers crossed.

c:/Users/victo/Documents/amath583/ps3/Answers and stuff/answers.tex:117: Missing $ inserted.
<inserted text> 
                $
l.117 For smalle sizes, m_
                          2, m_3 performs really good. m_t_2, m_t_3, perform...
I've inserted a begin-math/end-math symbol since I think
you left one out. Proceed, with fingers crossed.

c:/Users/victo/Documents/amath583/ps3/Answers and stuff/answers.tex:117: Double subscript.
l.117 ...izes, m_2, m_3 performs really good. m_t_
                                                  2, m_t_3, performs relativ...
I treat `x_1_2' essentially like `x_1{}_2'.

c:/Users/victo/Documents/amath583/ps3/Answers and stuff/answers.tex:117: Double subscript.
l.117 ..._2, m_3 performs really good. m_t_2, m_t_
                                                  3, performs relatively goo...
I treat `x_1_2' essentially like `x_1{}_2'.

c:/Users/victo/Documents/amath583/ps3/Answers and stuff/answers.tex:118: Missing $ inserted.
<inserted text> 
                $
l.118 
      
I've inserted a begin-math/end-math symbol since I think
you left one out. Proceed, with fingers crossed.


Overfull \hbox (133.03145pt too wide) in paragraph at lines 117--118
[]\OT1/cmr/m/n/10 For smalle sizes, m$[]\OML/cmm/m/it/10 ; m[]performsreallygood:m[][]; m[][]; performsrelativelygood; butnodifferencebetweenpassingthesamematrixornot:$ 
 []

c:/Users/victo/Documents/amath583/ps3/Answers and stuff/answers.tex:119: Missing $ inserted.
<inserted text> 
                $
l.119 ...ymptoptically approaches 2, execpt for m_
                                                  t_5, which I made it to ta...
I've inserted a begin-math/end-math symbol since I think
you left one out. Proceed, with fingers crossed.

c:/Users/victo/Documents/amath583/ps3/Answers and stuff/answers.tex:119: Double subscript.
l.119 ...ptoptically approaches 2, execpt for m_t_
                                                  5, which I made it to take...
I treat `x_1_2' essentially like `x_1{}_2'.

c:/Users/victo/Documents/amath583/ps3/Answers and stuff/answers.tex:119: Misplaced alignment tab character &.
l.119 ...ntages for symmetric property of C, if `&
                                                  A == &B`.
I can't figure out why you would want to use a tab mark
here. If you just want an ampersand, the remedy is
simple: Just type `I\&' now. But if some right brace
up above has ended a previous alignment prematurely,
you're probably due for more error messages, and you
might try typing `S' now just to see what is salvageable.

c:/Users/victo/Documents/amath583/ps3/Answers and stuff/answers.tex:119: Misplaced alignment tab character &.
l.119 ... for symmetric property of C, if `&A == &
                                                  B`.
I can't figure out why you would want to use a tab mark
here. If you just want an ampersand, the remedy is
simple: Just type `I\&' now. But if some right brace
up above has ended a previous alignment prematurely,
you're probably due for more error messages, and you
might try typing `S' now just to see what is salvageable.

c:/Users/victo/Documents/amath583/ps3/Answers and stuff/answers.tex:120: Missing $ inserted.
<inserted text> 
                $
l.120 
      
I've inserted a begin-math/end-math symbol since I think
you left one out. Proceed, with fingers crossed.


Overfull \hbox (73.09154pt too wide) in paragraph at lines 119--120
\OT1/cmr/m/n/10 ef-fi-ciency asymp-top-ti-cally ap-proaches 2, ex-ecpt for m$[][]\OML/cmm/m/it/10 ; whichImadeittotakeadvantagesforsymmetricpropertyofC; if\OT1/cmr/m/n/10 `\OML/cmm/m/it/10 A \OT1/cmr/m/n/10 ==
 []

c:/Users/victo/Documents/amath583/ps3/Answers and stuff/answers.tex:127: Missing $ inserted.
<inserted text> 
                $
l.127 The best performance is `mult_
                                    3(A, B)` and `m_t_5(A, A)`. The executio...
I've inserted a begin-math/end-math symbol since I think
you left one out. Proceed, with fingers crossed.

c:/Users/victo/Documents/amath583/ps3/Answers and stuff/answers.tex:127: Double subscript.
l.127 ...t performance is `mult_3(A, B)` and `m_t_
                                                  5(A, A)`. The execution ti...
I treat `x_1_2' essentially like `x_1{}_2'.

c:/Users/victo/Documents/amath583/ps3/Answers and stuff/answers.tex:128: Missing $ inserted.
<inserted text> 
                $
l.128 
      
I've inserted a begin-math/end-math symbol since I think
you left one out. Proceed, with fingers crossed.


Overfull \hbox (935.67036pt too wide) in paragraph at lines 127--128
[]\OT1/cmr/m/n/10 The best per-for-mance is `mult$[](\OML/cmm/m/it/10 A; B\OT1/cmr/m/n/10 )`\OML/cmm/m/it/10 and\OT1/cmr/m/n/10 `\OML/cmm/m/it/10 m[][]\OT1/cmr/m/n/10 (\OML/cmm/m/it/10 A; A\OT1/cmr/m/n/10 )`\OML/cmm/m/it/10 :Theexecutiontimegrowsquadratiacally:BecaueseVV[]istheactionoftakingcrossproductbetweenevery\OT1/cmr/m/n/10 2\OML/cmm/m/it/10 images:Becauseeachimagesisfixedsized; thereforecomplexitygrowsquadraticallywrttothenumberofimages; assumingdotprodutbetweeneachimageisaconstant:$ 
 []

c:/Users/victo/Documents/amath583/ps3/Answers and stuff/answers.tex:152: Misplaced alignment tab character &.
l.152 ...rns a reference, why not declare `double&
                                                   t = C(i, j)` before we st...
I can't figure out why you would want to use a tab mark
here. If you just want an ampersand, the remedy is
simple: Just type `I\&' now. But if some right brace
up above has ended a previous alignment prematurely,
you're probably due for more error messages, and you
might try typing `S' now just to see what is salvageable.

[2] (c:/Users\victo\Documents\amath583\ps3\Answers and stuff\answers.aux)

Package rerunfilecheck Warning: File `answers.out' has changed.
(rerunfilecheck)                Rerun to get outlines right
(rerunfilecheck)                or use package `bookmark'.

Package rerunfilecheck Info: Checksums for `answers.out':
(rerunfilecheck)             Before: <no file>
(rerunfilecheck)             After:  D41D8CD98F00B204E9800998ECF8427E;0.
 ) 
Here is how much of TeX's memory you used:
 10834 strings out of 479334
 162383 string characters out of 2857084
 476182 words of memory out of 3000000
 28157 multiletter control sequences out of 15000+200000
 405129 words of font info for 35 fonts, out of 3000000 for 9000
 1141 hyphenation exceptions out of 8191
 71i,6n,74p,591b,326s stack positions out of 5000i,500n,10000p,200000b,50000s
<C:/Users/victo/AppData/Local/Programs/MiKTeX/fonts/type1/public/amsfonts/cm/cmmi10.pfb><C:/Users/victo/AppData/Local/Programs/MiKTeX/fonts/type1/public/amsfonts/cm/cmmi7.pfb><C:/Users/victo/AppData/Local/Programs/MiKTeX/fonts/type1/public/amsfonts/cm/cmr10.pfb><C:/Users/victo/AppData/Local/Programs/MiKTeX/fonts/type1/public/amsfonts/cm/cmr7.pfb><C:/Users/victo/AppData/Local/Programs/MiKTeX/fonts/type1/public/amsfonts/cm/cmsy7.pfb>
Output written on "c:/Users\victo\Documents\amath583\ps3\Answers and stuff\answers.pdf" (2 pages, 75422 bytes).
PDF statistics:
 35 PDF objects out of 1000 (max. 8388607)
 3 named destinations out of 1000 (max. 500000)
 1 words of extra memory for PDF output out of 10000 (max. 10000000)

